2026-02-25 14:55:45.873 [restartedMain] INFO  x.y.s.SecondhandPlatformServerApplication - Starting SecondhandPlatformServerApplication using Java 17.0.6 with PID 86852 (D:\yangyue\study\java\04.项目代码\毕设\secondhand-platform-server\target\classes started by yaung in D:\yangyue\study\java\04.项目代码\毕设\secondhand-platform-server)
2026-02-25 14:55:45.873 [restartedMain] DEBUG x.y.s.SecondhandPlatformServerApplication - Running with Spring Boot v3.5.10, Spring v6.2.15
2026-02-25 14:55:45.874 [restartedMain] INFO  x.y.s.SecondhandPlatformServerApplication - No active profile set, falling back to 1 default profile: "default"
2026-02-25 14:55:46.411 [restartedMain] INFO  o.s.d.r.c.RepositoryConfigurationDelegate - Multiple Spring Data modules found, entering strict repository configuration mode
2026-02-25 14:55:46.411 [restartedMain] INFO  o.s.d.r.c.RepositoryConfigurationDelegate - Bootstrapping Spring Data Redis repositories in DEFAULT mode.
2026-02-25 14:55:46.431 [restartedMain] INFO  o.s.d.r.c.RepositoryConfigurationDelegate - Finished Spring Data repository scanning in 19 ms. Found 0 Redis repository interfaces.
2026-02-25 14:55:46.510 [restartedMain] DEBUG o.m.s.mapper.ClassPathMapperScanner - Identified candidate component class: file [D:\yangyue\study\java\04.项目代码\毕设\secondhand-platform-server\target\classes\xyz\yaungyue\secondhand\mapper\AddressMapper.class]
2026-02-25 14:55:46.511 [restartedMain] DEBUG o.m.s.mapper.ClassPathMapperScanner - Identified candidate component class: file [D:\yangyue\study\java\04.项目代码\毕设\secondhand-platform-server\target\classes\xyz\yaungyue\secondhand\mapper\AdminMapper.class]
2026-02-25 14:55:46.511 [restartedMain] DEBUG o.m.s.mapper.ClassPathMapperScanner - Identified candidate component class: file [D:\yangyue\study\java\04.项目代码\毕设\secondhand-platform-server\target\classes\xyz\yaungyue\secondhand\mapper\AdminRoleMapper.class]
2026-02-25 14:55:46.511 [restartedMain] DEBUG o.m.s.mapper.ClassPathMapperScanner - Identified candidate component class: file [D:\yangyue\study\java\04.项目代码\毕设\secondhand-platform-server\target\classes\xyz\yaungyue\secondhand\mapper\CartMapper.class]
2026-02-25 14:55:46.512 [restartedMain] DEBUG o.m.s.mapper.ClassPathMapperScanner - Identified candidate component class: file [D:\yangyue\study\java\04.项目代码\毕设\secondhand-platform-server\target\classes\xyz\yaungyue\secondhand\mapper\CategoryMapper.class]
2026-02-25 14:55:46.513 [restartedMain] DEBUG o.m.s.mapper.ClassPathMapperScanner - Identified candidate component class: file [D:\yangyue\study\java\04.项目代码\毕设\secondhand-platform-server\target\classes\xyz\yaungyue\secondhand\mapper\ChatMessageMapper.class]
2026-02-25 14:55:46.513 [restartedMain] DEBUG o.m.s.mapper.ClassPathMapperScanner - Identified candidate component class: file [D:\yangyue\study\java\04.项目代码\毕设\secondhand-platform-server\target\classes\xyz\yaungyue\secondhand\mapper\CreditLogMapper.class]
2026-02-25 14:55:46.513 [restartedMain] DEBUG o.m.s.mapper.ClassPathMapperScanner - Identified candidate component class: file [D:\yangyue\study\java\04.项目代码\毕设\secondhand-platform-server\target\classes\xyz\yaungyue\secondhand\mapper\EvaluateMapper.class]
2026-02-25 14:55:46.514 [restartedMain] DEBUG o.m.s.mapper.ClassPathMapperScanner - Identified candidate component class: file [D:\yangyue\study\java\04.项目代码\毕设\secondhand-platform-server\target\classes\xyz\yaungyue\secondhand\mapper\FavoriteMapper.class]
2026-02-25 14:55:46.514 [restartedMain] DEBUG o.m.s.mapper.ClassPathMapperScanner - Identified candidate component class: file [D:\yangyue\study\java\04.项目代码\毕设\secondhand-platform-server\target\classes\xyz\yaungyue\secondhand\mapper\FileMapper.class]
2026-02-25 14:55:46.514 [restartedMain] DEBUG o.m.s.mapper.ClassPathMapperScanner - Identified candidate component class: file [D:\yangyue\study\java\04.项目代码\毕设\secondhand-platform-server\target\classes\xyz\yaungyue\secondhand\mapper\MenuMapper.class]
2026-02-25 14:55:46.514 [restartedMain] DEBUG o.m.s.mapper.ClassPathMapperScanner - Identified candidate component class: file [D:\yangyue\study\java\04.项目代码\毕设\secondhand-platform-server\target\classes\xyz\yaungyue\secondhand\mapper\NoticeMapper.class]
2026-02-25 14:55:46.514 [restartedMain] DEBUG o.m.s.mapper.ClassPathMapperScanner - Identified candidate component class: file [D:\yangyue\study\java\04.项目代码\毕设\secondhand-platform-server\target\classes\xyz\yaungyue\secondhand\mapper\OrderItemMapper.class]
2026-02-25 14:55:46.514 [restartedMain] DEBUG o.m.s.mapper.ClassPathMapperScanner - Identified candidate component class: file [D:\yangyue\study\java\04.项目代码\毕设\secondhand-platform-server\target\classes\xyz\yaungyue\secondhand\mapper\OrderMapper.class]
2026-02-25 14:55:46.514 [restartedMain] DEBUG o.m.s.mapper.ClassPathMapperScanner - Identified candidate component class: file [D:\yangyue\study\java\04.项目代码\毕设\secondhand-platform-server\target\classes\xyz\yaungyue\secondhand\mapper\ProductMapper.class]
2026-02-25 14:55:46.514 [restartedMain] DEBUG o.m.s.mapper.ClassPathMapperScanner - Identified candidate component class: file [D:\yangyue\study\java\04.项目代码\毕设\secondhand-platform-server\target\classes\xyz\yaungyue\secondhand\mapper\RoleMapper.class]
2026-02-25 14:55:46.514 [restartedMain] DEBUG o.m.s.mapper.ClassPathMapperScanner - Identified candidate component class: file [D:\yangyue\study\java\04.项目代码\毕设\secondhand-platform-server\target\classes\xyz\yaungyue\secondhand\mapper\RoleMenuMapper.class]
2026-02-25 14:55:46.514 [restartedMain] DEBUG o.m.s.mapper.ClassPathMapperScanner - Identified candidate component class: file [D:\yangyue\study\java\04.项目代码\毕设\secondhand-platform-server\target\classes\xyz\yaungyue\secondhand\mapper\UserMapper.class]
2026-02-25 14:55:46.514 [restartedMain] DEBUG o.m.s.mapper.ClassPathMapperScanner - Identified candidate component class: file [D:\yangyue\study\java\04.项目代码\毕设\secondhand-platform-server\target\classes\xyz\yaungyue\secondhand\mapper\UserRoleMapper.class]
2026-02-25 14:55:46.514 [restartedMain] DEBUG o.m.s.mapper.ClassPathMapperScanner - Creating MapperFactoryBean with name 'addressMapper' and 'xyz.yaungyue.secondhand.mapper.AddressMapper' mapperInterface
2026-02-25 14:55:46.514 [restartedMain] DEBUG o.m.s.mapper.ClassPathMapperScanner - Enabling autowire by type for MapperFactoryBean with name 'addressMapper'.
2026-02-25 14:55:46.514 [restartedMain] DEBUG o.m.s.mapper.ClassPathMapperScanner - Creating MapperFactoryBean with name 'adminMapper' and 'xyz.yaungyue.secondhand.mapper.AdminMapper' mapperInterface
2026-02-25 14:55:46.515 [restartedMain] DEBUG o.m.s.mapper.ClassPathMapperScanner - Enabling autowire by type for MapperFactoryBean with name 'adminMapper'.
2026-02-25 14:55:46.515 [restartedMain] DEBUG o.m.s.mapper.ClassPathMapperScanner - Creating MapperFactoryBean with name 'adminRoleMapper' and 'xyz.yaungyue.secondhand.mapper.AdminRoleMapper' mapperInterface
2026-02-25 14:55:46.515 [restartedMain] DEBUG o.m.s.mapper.ClassPathMapperScanner - Enabling autowire by type for MapperFactoryBean with name 'adminRoleMapper'.
2026-02-25 14:55:46.515 [restartedMain] DEBUG o.m.s.mapper.ClassPathMapperScanner - Creating MapperFactoryBean with name 'cartMapper' and 'xyz.yaungyue.secondhand.mapper.CartMapper' mapperInterface
2026-02-25 14:55:46.516 [restartedMain] DEBUG o.m.s.mapper.ClassPathMapperScanner - Enabling autowire by type for MapperFactoryBean with name 'cartMapper'.
2026-02-25 14:55:46.516 [restartedMain] DEBUG o.m.s.mapper.ClassPathMapperScanner - Creating MapperFactoryBean with name 'categoryMapper' and 'xyz.yaungyue.secondhand.mapper.CategoryMapper' mapperInterface
2026-02-25 14:55:46.517 [restartedMain] DEBUG o.m.s.mapper.ClassPathMapperScanner - Enabling autowire by type for MapperFactoryBean with name 'categoryMapper'.
2026-02-25 14:55:46.517 [restartedMain] DEBUG o.m.s.mapper.ClassPathMapperScanner - Creating MapperFactoryBean with name 'chatMessageMapper' and 'xyz.yaungyue.secondhand.mapper.ChatMessageMapper' mapperInterface
2026-02-25 14:55:46.519 [restartedMain] DEBUG o.m.s.mapper.ClassPathMapperScanner - Enabling autowire by type for MapperFactoryBean with name 'chatMessageMapper'.
2026-02-25 14:55:46.519 [restartedMain] DEBUG o.m.s.mapper.ClassPathMapperScanner - Creating MapperFactoryBean with name 'creditLogMapper' and 'xyz.yaungyue.secondhand.mapper.CreditLogMapper' mapperInterface
2026-02-25 14:55:46.520 [restartedMain] DEBUG o.m.s.mapper.ClassPathMapperScanner - Enabling autowire by type for MapperFactoryBean with name 'creditLogMapper'.
2026-02-25 14:55:46.520 [restartedMain] DEBUG o.m.s.mapper.ClassPathMapperScanner - Creating MapperFactoryBean with name 'evaluateMapper' and 'xyz.yaungyue.secondhand.mapper.EvaluateMapper' mapperInterface
2026-02-25 14:55:46.520 [restartedMain] DEBUG o.m.s.mapper.ClassPathMapperScanner - Enabling autowire by type for MapperFactoryBean with name 'evaluateMapper'.
2026-02-25 14:55:46.520 [restartedMain] DEBUG o.m.s.mapper.ClassPathMapperScanner - Creating MapperFactoryBean with name 'favoriteMapper' and 'xyz.yaungyue.secondhand.mapper.FavoriteMapper' mapperInterface
2026-02-25 14:55:46.520 [restartedMain] DEBUG o.m.s.mapper.ClassPathMapperScanner - Enabling autowire by type for MapperFactoryBean with name 'favoriteMapper'.
2026-02-25 14:55:46.520 [restartedMain] DEBUG o.m.s.mapper.ClassPathMapperScanner - Creating MapperFactoryBean with name 'fileMapper' and 'xyz.yaungyue.secondhand.mapper.FileMapper' mapperInterface
2026-02-25 14:55:46.520 [restartedMain] DEBUG o.m.s.mapper.ClassPathMapperScanner - Enabling autowire by type for MapperFactoryBean with name 'fileMapper'.
2026-02-25 14:55:46.520 [restartedMain] DEBUG o.m.s.mapper.ClassPathMapperScanner - Creating MapperFactoryBean with name 'menuMapper' and 'xyz.yaungyue.secondhand.mapper.MenuMapper' mapperInterface
2026-02-25 14:55:46.521 [restartedMain] DEBUG o.m.s.mapper.ClassPathMapperScanner - Enabling autowire by type for MapperFactoryBean with name 'menuMapper'.
2026-02-25 14:55:46.521 [restartedMain] DEBUG o.m.s.mapper.ClassPathMapperScanner - Creating MapperFactoryBean with name 'noticeMapper' and 'xyz.yaungyue.secondhand.mapper.NoticeMapper' mapperInterface
2026-02-25 14:55:46.521 [restartedMain] DEBUG o.m.s.mapper.ClassPathMapperScanner - Enabling autowire by type for MapperFactoryBean with name 'noticeMapper'.
2026-02-25 14:55:46.521 [restartedMain] DEBUG o.m.s.mapper.ClassPathMapperScanner - Creating MapperFactoryBean with name 'orderItemMapper' and 'xyz.yaungyue.secondhand.mapper.OrderItemMapper' mapperInterface
2026-02-25 14:55:46.521 [restartedMain] DEBUG o.m.s.mapper.ClassPathMapperScanner - Enabling autowire by type for MapperFactoryBean with name 'orderItemMapper'.
2026-02-25 14:55:46.521 [restartedMain] DEBUG o.m.s.mapper.ClassPathMapperScanner - Creating MapperFactoryBean with name 'orderMapper' and 'xyz.yaungyue.secondhand.mapper.OrderMapper' mapperInterface
2026-02-25 14:55:46.522 [restartedMain] DEBUG o.m.s.mapper.ClassPathMapperScanner - Enabling autowire by type for MapperFactoryBean with name 'orderMapper'.
2026-02-25 14:55:46.522 [restartedMain] DEBUG o.m.s.mapper.ClassPathMapperScanner - Creating MapperFactoryBean with name 'productMapper' and 'xyz.yaungyue.secondhand.mapper.ProductMapper' mapperInterface
2026-02-25 14:55:46.523 [restartedMain] DEBUG o.m.s.mapper.ClassPathMapperScanner - Enabling autowire by type for MapperFactoryBean with name 'productMapper'.
2026-02-25 14:55:46.523 [restartedMain] DEBUG o.m.s.mapper.ClassPathMapperScanner - Creating MapperFactoryBean with name 'roleMapper' and 'xyz.yaungyue.secondhand.mapper.RoleMapper' mapperInterface
2026-02-25 14:55:46.524 [restartedMain] DEBUG o.m.s.mapper.ClassPathMapperScanner - Enabling autowire by type for MapperFactoryBean with name 'roleMapper'.
2026-02-25 14:55:46.524 [restartedMain] DEBUG o.m.s.mapper.ClassPathMapperScanner - Creating MapperFactoryBean with name 'roleMenuMapper' and 'xyz.yaungyue.secondhand.mapper.RoleMenuMapper' mapperInterface
2026-02-25 14:55:46.525 [restartedMain] DEBUG o.m.s.mapper.ClassPathMapperScanner - Enabling autowire by type for MapperFactoryBean with name 'roleMenuMapper'.
2026-02-25 14:55:46.525 [restartedMain] DEBUG o.m.s.mapper.ClassPathMapperScanner - Creating MapperFactoryBean with name 'userMapper' and 'xyz.yaungyue.secondhand.mapper.UserMapper' mapperInterface
2026-02-25 14:55:46.525 [restartedMain] DEBUG o.m.s.mapper.ClassPathMapperScanner - Enabling autowire by type for MapperFactoryBean with name 'userMapper'.
2026-02-25 14:55:46.525 [restartedMain] DEBUG o.m.s.mapper.ClassPathMapperScanner - Creating MapperFactoryBean with name 'userRoleMapper' and 'xyz.yaungyue.secondhand.mapper.UserRoleMapper' mapperInterface
2026-02-25 14:55:46.527 [restartedMain] DEBUG o.m.s.mapper.ClassPathMapperScanner - Enabling autowire by type for MapperFactoryBean with name 'userRoleMapper'.
2026-02-25 14:55:46.618 [restartedMain] INFO  o.s.b.w.e.tomcat.TomcatWebServer - Tomcat initialized with port 8080 (http)
2026-02-25 14:55:46.619 [restartedMain] INFO  o.a.catalina.core.StandardService - Starting service [Tomcat]
2026-02-25 14:55:46.620 [restartedMain] INFO  o.a.catalina.core.StandardEngine - Starting Servlet engine: [Apache Tomcat/10.1.50]
2026-02-25 14:55:46.675 [restartedMain] INFO  o.a.c.c.C.[Tomcat].[localhost].[/] - Initializing Spring embedded WebApplicationContext
2026-02-25 14:55:46.675 [restartedMain] INFO  o.s.b.w.s.c.ServletWebServerApplicationContext - Root WebApplicationContext: initialization completed in 797 ms
2026-02-25 14:55:46.694 [restartedMain] DEBUG x.y.s.config.JwtAuthenticationFilter - Filter 'jwtAuthenticationFilter' configured for use
2026-02-25 14:55:46.695 [restartedMain] DEBUG o.s.web.filter.CorsFilter - Filter 'corsFilter' configured for use
2026-02-25 14:55:46.736 [restartedMain] DEBUG c.b.m.e.s.MybatisSqlSessionFactoryBean - Property 'mapperLocations' was not specified.
2026-02-25 14:55:47.041 [restartedMain] DEBUG c.b.m.core.toolkit.Sequence - Get /172.26.32.1 network interface 
2026-02-25 14:55:47.064 [restartedMain] DEBUG c.b.m.core.toolkit.Sequence - Get network interface info: name:eth30 (Hyper-V Virtual Ethernet Adapter)
2026-02-25 14:55:47.075 [restartedMain] DEBUG c.b.m.core.toolkit.Sequence - Initialization Sequence datacenterId:27 workerId:18
2026-02-25 14:55:47.688 [restartedMain] DEBUG i.l.c.r.DefaultEventLoopGroupProvider - Creating executor io.netty.util.concurrent.DefaultEventExecutorGroup
2026-02-25 14:55:47.722 [restartedMain] INFO  o.s.b.a.w.s.WelcomePageHandlerMapping - Adding welcome page: class path resource [static/index.html]
2026-02-25 14:55:47.722 [restartedMain] INFO  x.y.secondhand.config.SaTokenConfig - Sa-Token 拦截器配置完成 - 权限授权功能已启用
2026-02-25 14:55:47.753 [restartedMain] DEBUG o.s.w.s.m.m.a.RequestMappingHandlerMapping - 26 mappings in 'requestMappingHandlerMapping'
2026-02-25 14:55:47.800 [restartedMain] DEBUG o.s.w.s.h.SimpleUrlHandlerMapping - Patterns [/webjars/**, /**] in 'resourceHandlerMapping'
2026-02-25 14:55:47.887 [restartedMain] DEBUG o.s.w.s.m.m.a.RequestMappingHandlerAdapter - ControllerAdvice beans: 0 @ModelAttribute, 0 @InitBinder, 1 RequestBodyAdvice, 1 ResponseBodyAdvice
2026-02-25 14:55:47.901 [restartedMain] DEBUG o.s.w.s.m.m.a.ExceptionHandlerExceptionResolver - ControllerAdvice beans: 1 @ExceptionHandler, 1 ResponseBodyAdvice
2026-02-25 14:55:47.913 [restartedMain] INFO  c.b.m.e.s.MybatisPlusApplicationContextAware - Register ApplicationContext instances org.springframework.boot.web.servlet.context.AnnotationConfigServletWebServerApplicationContext@35d6f858
2026-02-25 14:55:48.022 [restartedMain] INFO  o.s.b.d.a.OptionalLiveReloadServer - LiveReload server is running on port 35729
2026-02-25 14:55:48.103 [restartedMain] INFO  o.s.b.w.e.tomcat.TomcatWebServer - Tomcat started on port 8080 (http) with context path '/'
2026-02-25 14:55:48.111 [restartedMain] INFO  x.y.s.SecondhandPlatformServerApplication - Started SecondhandPlatformServerApplication in 2.343 seconds (process running for 287.753)
2026-02-25 14:55:48.115 [restartedMain] INFO  o.s.b.d.a.ConditionEvaluationDeltaLoggingListener - Condition evaluation unchanged
2026-02-25 14:55:48.844 [http-nio-8080-exec-1] INFO  o.a.c.c.C.[Tomcat].[localhost].[/] - Initializing Spring DispatcherServlet 'dispatcherServlet'
2026-02-25 14:55:48.844 [http-nio-8080-exec-1] INFO  o.s.web.servlet.DispatcherServlet - Initializing Servlet 'dispatcherServlet'
2026-02-25 14:55:48.844 [http-nio-8080-exec-1] DEBUG o.s.web.servlet.DispatcherServlet - Detected StandardServletMultipartResolver
2026-02-25 14:55:48.844 [http-nio-8080-exec-1] DEBUG o.s.web.servlet.DispatcherServlet - Detected AcceptHeaderLocaleResolver
2026-02-25 14:55:48.844 [http-nio-8080-exec-1] DEBUG o.s.web.servlet.DispatcherServlet - Detected FixedThemeResolver
2026-02-25 14:55:48.845 [http-nio-8080-exec-1] DEBUG o.s.web.servlet.DispatcherServlet - Detected org.springframework.web.servlet.view.DefaultRequestToViewNameTranslator@37d340bc
2026-02-25 14:55:48.845 [http-nio-8080-exec-1] DEBUG o.s.web.servlet.DispatcherServlet - Detected org.springframework.web.servlet.support.SessionFlashMapManager@3914a836
2026-02-25 14:55:48.846 [http-nio-8080-exec-1] DEBUG o.s.web.servlet.DispatcherServlet - enableLoggingRequestDetails='false': request parameters and headers will be masked to prevent unsafe logging of potentially sensitive data
2026-02-25 14:55:48.846 [http-nio-8080-exec-1] INFO  o.s.web.servlet.DispatcherServlet - Completed initialization in 2 ms
2026-02-25 14:55:48.869 [http-nio-8080-exec-2] DEBUG o.s.web.servlet.DispatcherServlet - POST "/api/auth/login", parameters={}
2026-02-25 14:55:48.871 [http-nio-8080-exec-2] DEBUG o.s.w.s.h.SimpleUrlHandlerMapping - Mapped to ResourceHttpRequestHandler [classpath [META-INF/resources/], classpath [resources/], classpath [static/], classpath [public/], ServletContext [/]]
2026-02-25 14:55:48.873 [http-nio-8080-exec-2] DEBUG o.s.w.s.r.ResourceHttpRequestHandler - Resource not found
2026-02-25 14:55:48.876 [http-nio-8080-exec-2] DEBUG o.s.w.s.m.m.a.ExceptionHandlerExceptionResolver - Using @ExceptionHandler xyz.yaungyue.secondhand.exception.GlobalExceptionHandler#handleAll(Exception)
2026-02-25 14:55:48.876 [http-nio-8080-exec-2] ERROR x.y.s.e.GlobalExceptionHandler - 系统未知异常
org.springframework.web.servlet.resource.NoResourceFoundException: No static resource api/auth/login.
	at org.springframework.web.servlet.resource.ResourceHttpRequestHandler.handleRequest(ResourceHttpRequestHandler.java:585) ~[spring-webmvc-6.2.15.jar:6.2.15]
	at org.springframework.web.servlet.mvc.HttpRequestHandlerAdapter.handle(HttpRequestHandlerAdapter.java:52) ~[spring-webmvc-6.2.15.jar:6.2.15]
	at org.springframework.web.servlet.DispatcherServlet.doDispatch(DispatcherServlet.java:1089) ~[spring-webmvc-6.2.15.jar:6.2.15]
	at org.springframework.web.servlet.DispatcherServlet.doService(DispatcherServlet.java:979) ~[spring-webmvc-6.2.15.jar:6.2.15]
	at org.springframework.web.servlet.FrameworkServlet.processRequest(FrameworkServlet.java:1014) ~[spring-webmvc-6.2.15.jar:6.2.15]
	at org.springframework.web.servlet.FrameworkServlet.doPost(FrameworkServlet.java:914) ~[spring-webmvc-6.2.15.jar:6.2.15]
	at jakarta.servlet.http.HttpServlet.service(HttpServlet.java:547) ~[jakarta.servlet-api-6.0.0.jar:6.0.0]
	at org.springframework.web.servlet.FrameworkServlet.service(FrameworkServlet.java:885) ~[spring-webmvc-6.2.15.jar:6.2.15]
	at jakarta.servlet.http.HttpServlet.service(HttpServlet.java:614) ~[jakarta.servlet-api-6.0.0.jar:6.0.0]
	at org.apache.catalina.core.ApplicationFilterChain.internalDoFilter(ApplicationFilterChain.java:193) ~[tomcat-embed-core-10.1.50.jar:10.1.50]
	at org.apache.catalina.core.ApplicationFilterChain.doFilter(ApplicationFilterChain.java:138) ~[tomcat-embed-core-10.1.50.jar:10.1.50]
	at org.apache.tomcat.websocket.server.WsFilter.doFilter(WsFilter.java:51) ~[tomcat-embed-websocket-10.1.50.jar:10.1.50]
	at org.apache.catalina.core.ApplicationFilterChain.internalDoFilter(ApplicationFilterChain.java:162) ~[tomcat-embed-core-10.1.50.jar:10.1.50]
	at org.apache.catalina.core.ApplicationFilterChain.doFilter(ApplicationFilterChain.java:138) ~[tomcat-embed-core-10.1.50.jar:10.1.50]
	at org.springframework.web.filter.CorsFilter.doFilterInternal(CorsFilter.java:91) ~[spring-web-6.2.15.jar:6.2.15]
	at org.springframework.web.filter.OncePerRequestFilter.doFilter(OncePerRequestFilter.java:116) ~[spring-web-6.2.15.jar:6.2.15]
	at org.apache.catalina.core.ApplicationFilterChain.internalDoFilter(ApplicationFilterChain.java:162) ~[tomcat-embed-core-10.1.50.jar:10.1.50]
	at org.apache.catalina.core.ApplicationFilterChain.doFilter(ApplicationFilterChain.java:138) ~[tomcat-embed-core-10.1.50.jar:10.1.50]
	at org.springframework.web.filter.OncePerRequestFilter.doFilter(OncePerRequestFilter.java:110) ~[spring-web-6.2.15.jar:6.2.15]
	at org.apache.catalina.core.ApplicationFilterChain.internalDoFilter(ApplicationFilterChain.java:162) ~[tomcat-embed-core-10.1.50.jar:10.1.50]
	at org.apache.catalina.core.ApplicationFilterChain.doFilter(ApplicationFilterChain.java:138) ~[tomcat-embed-core-10.1.50.jar:10.1.50]
	at org.springframework.web.filter.CompositeFilter$VirtualFilterChain.doFilter(CompositeFilter.java:108) ~[spring-web-6.2.15.jar:6.2.15]
	at org.springframework.web.filter.CompositeFilter$VirtualFilterChain.doFilter(CompositeFilter.java:108) ~[spring-web-6.2.15.jar:6.2.15]
	at org.springframework.security.web.FilterChainProxy.lambda$doFilterInternal$3(FilterChainProxy.java:231) ~[spring-security-web-6.5.7.jar:6.5.7]
	at org.springframework.security.web.FilterChainProxy$VirtualFilterChain.doFilter(FilterChainProxy.java:365) ~[spring-security-web-6.5.7.jar:6.5.7]
	at org.springframework.security.web.access.intercept.AuthorizationFilter.doFilter(AuthorizationFilter.java:101) ~[spring-security-web-6.5.7.jar:6.5.7]
	at org.springframework.security.web.FilterChainProxy$VirtualFilterChain.doFilter(FilterChainProxy.java:374) ~[spring-security-web-6.5.7.jar:6.5.7]
	at org.springframework.security.web.access.ExceptionTranslationFilter.doFilter(ExceptionTranslationFilter.java:125) ~[spring-security-web-6.5.7.jar:6.5.7]
	at org.springframework.security.web.access.ExceptionTranslationFilter.doFilter(ExceptionTranslationFilter.java:119) ~[spring-security-web-6.5.7.jar:6.5.7]
	at org.springframework.security.web.FilterChainProxy$VirtualFilterChain.doFilter(FilterChainProxy.java:374) ~[spring-security-web-6.5.7.jar:6.5.7]
	at org.springframework.security.web.session.SessionManagementFilter.doFilter(SessionManagementFilter.java:131) ~[spring-security-web-6.5.7.jar:6.5.7]
	at org.springframework.security.web.session.SessionManagementFilter.doFilter(SessionManagementFilter.java:85) ~[spring-security-web-6.5.7.jar:6.5.7]
	at org.springframework.security.web.FilterChainProxy$VirtualFilterChain.doFilter(FilterChainProxy.java:374) ~[spring-security-web-6.5.7.jar:6.5.7]
	at org.springframework.security.web.authentication.AnonymousAuthenticationFilter.doFilter(AnonymousAuthenticationFilter.java:100) ~[spring-security-web-6.5.7.jar:6.5.7]
	at org.springframework.security.web.FilterChainProxy$VirtualFilterChain.doFilter(FilterChainProxy.java:374) ~[spring-security-web-6.5.7.jar:6.5.7]
	at org.springframework.security.web.servletapi.SecurityContextHolderAwareRequestFilter.doFilter(SecurityContextHolderAwareRequestFilter.java:179) ~[spring-security-web-6.5.7.jar:6.5.7]
	at org.springframework.security.web.FilterChainProxy$VirtualFilterChain.doFilter(FilterChainProxy.java:374) ~[spring-security-web-6.5.7.jar:6.5.7]
	at org.springframework.security.web.savedrequest.RequestCacheAwareFilter.doFilter(RequestCacheAwareFilter.java:63) ~[spring-security-web-6.5.7.jar:6.5.7]
	at org.springframework.security.web.FilterChainProxy$VirtualFilterChain.doFilter(FilterChainProxy.java:374) ~[spring-security-web-6.5.7.jar:6.5.7]
	at xyz.yaungyue.secondhand.config.JwtAuthenticationFilter.doFilterInternal(JwtAuthenticationFilter.java:36) ~[classes/:na]
	at org.springframework.web.filter.OncePerRequestFilter.doFilter(OncePerRequestFilter.java:116) ~[spring-web-6.2.15.jar:6.2.15]
	at org.springframework.security.web.FilterChainProxy$VirtualFilterChain.doFilter(FilterChainProxy.java:374) ~[spring-security-web-6.5.7.jar:6.5.7]
	at org.springframework.security.web.authentication.logout.LogoutFilter.doFilter(LogoutFilter.java:107) ~[spring-security-web-6.5.7.jar:6.5.7]
	at org.springframework.security.web.authentication.logout.LogoutFilter.doFilter(LogoutFilter.java:93) ~[spring-security-web-6.5.7.jar:6.5.7]
	at org.springframework.security.web.FilterChainProxy$VirtualFilterChain.doFilter(FilterChainProxy.java:374) ~[spring-security-web-6.5.7.jar:6.5.7]
	at org.springframework.security.web.header.HeaderWriterFilter.doHeadersAfter(HeaderWriterFilter.java:90) ~[spring-security-web-6.5.7.jar:6.5.7]
	at org.springframework.security.web.header.HeaderWriterFilter.doFilterInternal(HeaderWriterFilter.java:75) ~[spring-security-web-6.5.7.jar:6.5.7]
	at org.springframework.web.filter.OncePerRequestFilter.doFilter(OncePerRequestFilter.java:116) ~[spring-web-6.2.15.jar:6.2.15]
	at org.springframework.security.web.FilterChainProxy$VirtualFilterChain.doFilter(FilterChainProxy.java:374) ~[spring-security-web-6.5.7.jar:6.5.7]
	at org.springframework.security.web.context.SecurityContextHolderFilter.doFilter(SecurityContextHolderFilter.java:82) ~[spring-security-web-6.5.7.jar:6.5.7]
	at org.springframework.security.web.context.SecurityContextHolderFilter.doFilter(SecurityContextHolderFilter.java:69) ~[spring-security-web-6.5.7.jar:6.5.7]
	at org.springframework.security.web.FilterChainProxy$VirtualFilterChain.doFilter(FilterChainProxy.java:374) ~[spring-security-web-6.5.7.jar:6.5.7]
	at org.springframework.security.web.context.request.async.WebAsyncManagerIntegrationFilter.doFilterInternal(WebAsyncManagerIntegrationFilter.java:62) ~[spring-security-web-6.5.7.jar:6.5.7]
	at org.springframework.web.filter.OncePerRequestFilter.doFilter(OncePerRequestFilter.java:116) ~[spring-web-6.2.15.jar:6.2.15]
	at org.springframework.security.web.FilterChainProxy$VirtualFilterChain.doFilter(FilterChainProxy.java:374) ~[spring-security-web-6.5.7.jar:6.5.7]
	at org.springframework.security.web.session.DisableEncodeUrlFilter.doFilterInternal(DisableEncodeUrlFilter.java:42) ~[spring-security-web-6.5.7.jar:6.5.7]
	at org.springframework.web.filter.OncePerRequestFilter.doFilter(OncePerRequestFilter.java:116) ~[spring-web-6.2.15.jar:6.2.15]
	at org.springframework.security.web.FilterChainProxy$VirtualFilterChain.doFilter(FilterChainProxy.java:374) ~[spring-security-web-6.5.7.jar:6.5.7]
	at org.springframework.security.web.FilterChainProxy.doFilterInternal(FilterChainProxy.java:233) ~[spring-security-web-6.5.7.jar:6.5.7]
	at org.springframework.security.web.FilterChainProxy.doFilter(FilterChainProxy.java:191) ~[spring-security-web-6.5.7.jar:6.5.7]
	at org.springframework.web.filter.CompositeFilter$VirtualFilterChain.doFilter(CompositeFilter.java:113) ~[spring-web-6.2.15.jar:6.2.15]
	at org.springframework.web.filter.ServletRequestPathFilter.doFilter(ServletRequestPathFilter.java:52) ~[spring-web-6.2.15.jar:6.2.15]
	at org.springframework.web.filter.CompositeFilter$VirtualFilterChain.doFilter(CompositeFilter.java:113) ~[spring-web-6.2.15.jar:6.2.15]
	at org.springframework.web.filter.CompositeFilter.doFilter(CompositeFilter.java:74) ~[spring-web-6.2.15.jar:6.2.15]
	at org.springframework.security.config.annotation.web.configuration.WebSecurityConfiguration$CompositeFilterChainProxy.doFilter(WebSecurityConfiguration.java:319) ~[spring-security-config-6.5.7.jar:6.5.7]
	at org.springframework.web.filter.CompositeFilter$VirtualFilterChain.doFilter(CompositeFilter.java:113) ~[spring-web-6.2.15.jar:6.2.15]
	at org.springframework.web.servlet.handler.HandlerMappingIntrospector.lambda$createCacheFilter$4(HandlerMappingIntrospector.java:267) ~[spring-webmvc-6.2.15.jar:6.2.15]
	at org.springframework.web.filter.CompositeFilter$VirtualFilterChain.doFilter(CompositeFilter.java:113) ~[spring-web-6.2.15.jar:6.2.15]
	at org.springframework.web.filter.CompositeFilter.doFilter(CompositeFilter.java:74) ~[spring-web-6.2.15.jar:6.2.15]
	at org.springframework.security.config.annotation.web.configuration.WebMvcSecurityConfiguration$CompositeFilterChainProxy.doFilter(WebMvcSecurityConfiguration.java:240) ~[spring-security-config-6.5.7.jar:6.5.7]
	at org.springframework.web.filter.DelegatingFilterProxy.invokeDelegate(DelegatingFilterProxy.java:362) ~[spring-web-6.2.15.jar:6.2.15]
	at org.springframework.web.filter.DelegatingFilterProxy.doFilter(DelegatingFilterProxy.java:278) ~[spring-web-6.2.15.jar:6.2.15]
	at org.apache.catalina.core.ApplicationFilterChain.internalDoFilter(ApplicationFilterChain.java:162) ~[tomcat-embed-core-10.1.50.jar:10.1.50]
	at org.apache.catalina.core.ApplicationFilterChain.doFilter(ApplicationFilterChain.java:138) ~[tomcat-embed-core-10.1.50.jar:10.1.50]
	at org.springframework.web.filter.RequestContextFilter.doFilterInternal(RequestContextFilter.java:100) ~[spring-web-6.2.15.jar:6.2.15]
	at org.springframework.web.filter.OncePerRequestFilter.doFilter(OncePerRequestFilter.java:116) ~[spring-web-6.2.15.jar:6.2.15]
	at org.apache.catalina.core.ApplicationFilterChain.internalDoFilter(ApplicationFilterChain.java:162) ~[tomcat-embed-core-10.1.50.jar:10.1.50]
	at org.apache.catalina.core.ApplicationFilterChain.doFilter(ApplicationFilterChain.java:138) ~[tomcat-embed-core-10.1.50.jar:10.1.50]
	at cn.dev33.satoken.filter.SaPathCheckFilterForJakartaServlet.doFilter(SaPathCheckFilterForJakartaServlet.java:55) ~[sa-token-spring-boot3-starter-1.37.0.jar:na]
	at org.apache.catalina.core.ApplicationFilterChain.internalDoFilter(ApplicationFilterChain.java:162) ~[tomcat-embed-core-10.1.50.jar:10.1.50]
	at org.apache.catalina.core.ApplicationFilterChain.doFilter(ApplicationFilterChain.java:138) ~[tomcat-embed-core-10.1.50.jar:10.1.50]
	at org.springframework.web.filter.FormContentFilter.doFilterInternal(FormContentFilter.java:93) ~[spring-web-6.2.15.jar:6.2.15]
	at org.springframework.web.filter.OncePerRequestFilter.doFilter(OncePerRequestFilter.java:116) ~[spring-web-6.2.15.jar:6.2.15]
	at org.apache.catalina.core.ApplicationFilterChain.internalDoFilter(ApplicationFilterChain.java:162) ~[tomcat-embed-core-10.1.50.jar:10.1.50]
	at org.apache.catalina.core.ApplicationFilterChain.doFilter(ApplicationFilterChain.java:138) ~[tomcat-embed-core-10.1.50.jar:10.1.50]
	at org.springframework.web.filter.CharacterEncodingFilter.doFilterInternal(CharacterEncodingFilter.java:201) ~[spring-web-6.2.15.jar:6.2.15]
	at org.springframework.web.filter.OncePerRequestFilter.doFilter(OncePerRequestFilter.java:116) ~[spring-web-6.2.15.jar:6.2.15]
	at org.apache.catalina.core.ApplicationFilterChain.internalDoFilter(ApplicationFilterChain.java:162) ~[tomcat-embed-core-10.1.50.jar:10.1.50]
	at org.apache.catalina.core.ApplicationFilterChain.doFilter(ApplicationFilterChain.java:138) ~[tomcat-embed-core-10.1.50.jar:10.1.50]
	at org.apache.catalina.core.StandardWrapperValve.invoke(StandardWrapperValve.java:165) ~[tomcat-embed-core-10.1.50.jar:10.1.50]
	at org.apache.catalina.core.StandardContextValve.invoke(StandardContextValve.java:88) ~[tomcat-embed-core-10.1.50.jar:10.1.50]
	at org.apache.catalina.authenticator.AuthenticatorBase.invoke(AuthenticatorBase.java:482) ~[tomcat-embed-core-10.1.50.jar:10.1.50]
	at org.apache.catalina.core.StandardHostValve.invoke(StandardHostValve.java:113) ~[tomcat-embed-core-10.1.50.jar:10.1.50]
	at org.apache.catalina.valves.ErrorReportValve.invoke(ErrorReportValve.java:83) ~[tomcat-embed-core-10.1.50.jar:10.1.50]
	at org.apache.catalina.core.StandardEngineValve.invoke(StandardEngineValve.java:72) ~[tomcat-embed-core-10.1.50.jar:10.1.50]
	at org.apache.catalina.connector.CoyoteAdapter.service(CoyoteAdapter.java:342) ~[tomcat-embed-core-10.1.50.jar:10.1.50]
	at org.apache.coyote.http11.Http11Processor.service(Http11Processor.java:399) ~[tomcat-embed-core-10.1.50.jar:10.1.50]
	at org.apache.coyote.AbstractProcessorLight.process(AbstractProcessorLight.java:63) ~[tomcat-embed-core-10.1.50.jar:10.1.50]
	at org.apache.coyote.AbstractProtocol$ConnectionHandler.process(AbstractProtocol.java:903) ~[tomcat-embed-core-10.1.50.jar:10.1.50]
	at org.apache.tomcat.util.net.NioEndpoint$SocketProcessor.doRun(NioEndpoint.java:1774) ~[tomcat-embed-core-10.1.50.jar:10.1.50]
	at org.apache.tomcat.util.net.SocketProcessorBase.run(SocketProcessorBase.java:52) ~[tomcat-embed-core-10.1.50.jar:10.1.50]
	at org.apache.tomcat.util.threads.ThreadPoolExecutor.runWorker(ThreadPoolExecutor.java:973) ~[tomcat-embed-core-10.1.50.jar:10.1.50]
	at org.apache.tomcat.util.threads.ThreadPoolExecutor$Worker.run(ThreadPoolExecutor.java:491) ~[tomcat-embed-core-10.1.50.jar:10.1.50]
	at org.apache.tomcat.util.threads.TaskThread$WrappingRunnable.run(TaskThread.java:63) ~[tomcat-embed-core-10.1.50.jar:10.1.50]
	at java.base/java.lang.Thread.run(Thread.java:833) ~[na:na]
2026-02-25 14:55:48.890 [http-nio-8080-exec-2] DEBUG o.s.w.s.m.m.a.RequestResponseBodyMethodProcessor - Using 'application/json', given [application/json, text/plain, */*] and supported [application/json, application/*+json]
2026-02-25 14:55:48.893 [http-nio-8080-exec-2] DEBUG o.s.w.s.m.m.a.RequestResponseBodyMethodProcessor - Writing [ApiResponse[code=500, message=No static resource api/auth/login., data=null]]
2026-02-25 14:55:48.895 [http-nio-8080-exec-2] WARN  o.s.w.s.m.m.a.ExceptionHandlerExceptionResolver - Resolved [org.springframework.web.servlet.resource.NoResourceFoundException: No static resource api/auth/login.]
2026-02-25 14:55:48.896 [http-nio-8080-exec-2] DEBUG o.s.web.servlet.DispatcherServlet - Completed 500 INTERNAL_SERVER_ERROR
2026-02-25 14:57:47.182 [File Watcher] INFO  o.s.b.d.a.LocalDevToolsAutoConfiguration$RestartingClassPathChangeChangedEventListener - Restarting due to 1 class path change (0 additions, 1 deletion, 0 modifications)
2026-02-25 14:57:47.184 [Thread-8] INFO  o.s.b.w.e.tomcat.GracefulShutdown - Commencing graceful shutdown. Waiting for active requests to complete
2026-02-25 14:57:47.813 [tomcat-shutdown] INFO  o.s.b.w.e.tomcat.GracefulShutdown - Graceful shutdown complete
2026-02-25 14:57:47.814 [Thread-8] DEBUG io.lettuce.core.AbstractRedisClient - Initiate shutdown (0, 100, MILLISECONDS)
2026-02-25 14:57:47.816 [Thread-8] DEBUG i.l.c.r.DefaultClientResources - Initiate shutdown (0, 2, SECONDS)
2026-02-25 14:57:47.816 [Thread-8] DEBUG i.l.c.r.DefaultEventLoopGroupProvider - Initiate shutdown (0, 2, SECONDS)
2026-02-25 14:57:47.924 [restartedMain] INFO  x.y.s.SecondhandPlatformServerApplication - Starting SecondhandPlatformServerApplication using Java 17.0.6 with PID 86852 (D:\yangyue\study\java\04.项目代码\毕设\secondhand-platform-server\target\classes started by yaung in D:\yangyue\study\java\04.项目代码\毕设\secondhand-platform-server)
2026-02-25 14:57:47.925 [restartedMain] DEBUG x.y.s.SecondhandPlatformServerApplication - Running with Spring Boot v3.5.10, Spring v6.2.15
2026-02-25 14:57:47.925 [restartedMain] INFO  x.y.s.SecondhandPlatformServerApplication - No active profile set, falling back to 1 default profile: "default"
2026-02-25 14:57:48.316 [restartedMain] INFO  o.s.d.r.c.RepositoryConfigurationDelegate - Multiple Spring Data modules found, entering strict repository configuration mode
2026-02-25 14:57:48.317 [restartedMain] INFO  o.s.d.r.c.RepositoryConfigurationDelegate - Bootstrapping Spring Data Redis repositories in DEFAULT mode.
2026-02-25 14:57:48.342 [restartedMain] INFO  o.s.d.r.c.RepositoryConfigurationDelegate - Finished Spring Data repository scanning in 24 ms. Found 0 Redis repository interfaces.
2026-02-25 14:57:48.405 [restartedMain] DEBUG o.m.s.mapper.ClassPathMapperScanner - Identified candidate component class: file [D:\yangyue\study\java\04.项目代码\毕设\secondhand-platform-server\target\classes\xyz\yaungyue\secondhand\mapper\AddressMapper.class]
2026-02-25 14:57:48.406 [restartedMain] DEBUG o.m.s.mapper.ClassPathMapperScanner - Identified candidate component class: file [D:\yangyue\study\java\04.项目代码\毕设\secondhand-platform-server\target\classes\xyz\yaungyue\secondhand\mapper\AdminMapper.class]
2026-02-25 14:57:48.406 [restartedMain] DEBUG o.m.s.mapper.ClassPathMapperScanner - Identified candidate component class: file [D:\yangyue\study\java\04.项目代码\毕设\secondhand-platform-server\target\classes\xyz\yaungyue\secondhand\mapper\AdminRoleMapper.class]
2026-02-25 14:57:48.406 [restartedMain] DEBUG o.m.s.mapper.ClassPathMapperScanner - Identified candidate component class: file [D:\yangyue\study\java\04.项目代码\毕设\secondhand-platform-server\target\classes\xyz\yaungyue\secondhand\mapper\CartMapper.class]
2026-02-25 14:57:48.406 [restartedMain] DEBUG o.m.s.mapper.ClassPathMapperScanner - Identified candidate component class: file [D:\yangyue\study\java\04.项目代码\毕设\secondhand-platform-server\target\classes\xyz\yaungyue\secondhand\mapper\CategoryMapper.class]
2026-02-25 14:57:48.406 [restartedMain] DEBUG o.m.s.mapper.ClassPathMapperScanner - Identified candidate component class: file [D:\yangyue\study\java\04.项目代码\毕设\secondhand-platform-server\target\classes\xyz\yaungyue\secondhand\mapper\ChatMessageMapper.class]
2026-02-25 14:57:48.406 [restartedMain] DEBUG o.m.s.mapper.ClassPathMapperScanner - Identified candidate component class: file [D:\yangyue\study\java\04.项目代码\毕设\secondhand-platform-server\target\classes\xyz\yaungyue\secondhand\mapper\CreditLogMapper.class]
2026-02-25 14:57:48.407 [restartedMain] DEBUG o.m.s.mapper.ClassPathMapperScanner - Identified candidate component class: file [D:\yangyue\study\java\04.项目代码\毕设\secondhand-platform-server\target\classes\xyz\yaungyue\secondhand\mapper\EvaluateMapper.class]
2026-02-25 14:57:48.407 [restartedMain] DEBUG o.m.s.mapper.ClassPathMapperScanner - Identified candidate component class: file [D:\yangyue\study\java\04.项目代码\毕设\secondhand-platform-server\target\classes\xyz\yaungyue\secondhand\mapper\FavoriteMapper.class]
2026-02-25 14:57:48.407 [restartedMain] DEBUG o.m.s.mapper.ClassPathMapperScanner - Identified candidate component class: file [D:\yangyue\study\java\04.项目代码\毕设\secondhand-platform-server\target\classes\xyz\yaungyue\secondhand\mapper\FileMapper.class]
2026-02-25 14:57:48.407 [restartedMain] DEBUG o.m.s.mapper.ClassPathMapperScanner - Identified candidate component class: file [D:\yangyue\study\java\04.项目代码\毕设\secondhand-platform-server\target\classes\xyz\yaungyue\secondhand\mapper\MenuMapper.class]
2026-02-25 14:57:48.407 [restartedMain] DEBUG o.m.s.mapper.ClassPathMapperScanner - Identified candidate component class: file [D:\yangyue\study\java\04.项目代码\毕设\secondhand-platform-server\target\classes\xyz\yaungyue\secondhand\mapper\NoticeMapper.class]
2026-02-25 14:57:48.407 [restartedMain] DEBUG o.m.s.mapper.ClassPathMapperScanner - Identified candidate component class: file [D:\yangyue\study\java\04.项目代码\毕设\secondhand-platform-server\target\classes\xyz\yaungyue\secondhand\mapper\OrderItemMapper.class]
2026-02-25 14:57:48.408 [restartedMain] DEBUG o.m.s.mapper.ClassPathMapperScanner - Identified candidate component class: file [D:\yangyue\study\java\04.项目代码\毕设\secondhand-platform-server\target\classes\xyz\yaungyue\secondhand\mapper\OrderMapper.class]
2026-02-25 14:57:48.408 [restartedMain] DEBUG o.m.s.mapper.ClassPathMapperScanner - Identified candidate component class: file [D:\yangyue\study\java\04.项目代码\毕设\secondhand-platform-server\target\classes\xyz\yaungyue\secondhand\mapper\ProductMapper.class]
2026-02-25 14:57:48.408 [restartedMain] DEBUG o.m.s.mapper.ClassPathMapperScanner - Identified candidate component class: file [D:\yangyue\study\java\04.项目代码\毕设\secondhand-platform-server\target\classes\xyz\yaungyue\secondhand\mapper\RoleMapper.class]
2026-02-25 14:57:48.408 [restartedMain] DEBUG o.m.s.mapper.ClassPathMapperScanner - Identified candidate component class: file [D:\yangyue\study\java\04.项目代码\毕设\secondhand-platform-server\target\classes\xyz\yaungyue\secondhand\mapper\RoleMenuMapper.class]
2026-02-25 14:57:48.408 [restartedMain] DEBUG o.m.s.mapper.ClassPathMapperScanner - Identified candidate component class: file [D:\yangyue\study\java\04.项目代码\毕设\secondhand-platform-server\target\classes\xyz\yaungyue\secondhand\mapper\UserMapper.class]
2026-02-25 14:57:48.408 [restartedMain] DEBUG o.m.s.mapper.ClassPathMapperScanner - Identified candidate component class: file [D:\yangyue\study\java\04.项目代码\毕设\secondhand-platform-server\target\classes\xyz\yaungyue\secondhand\mapper\UserRoleMapper.class]
2026-02-25 14:57:48.409 [restartedMain] DEBUG o.m.s.mapper.ClassPathMapperScanner - Creating MapperFactoryBean with name 'addressMapper' and 'xyz.yaungyue.secondhand.mapper.AddressMapper' mapperInterface
2026-02-25 14:57:48.410 [restartedMain] DEBUG o.m.s.mapper.ClassPathMapperScanner - Enabling autowire by type for MapperFactoryBean with name 'addressMapper'.
2026-02-25 14:57:48.411 [restartedMain] DEBUG o.m.s.mapper.ClassPathMapperScanner - Creating MapperFactoryBean with name 'adminMapper' and 'xyz.yaungyue.secondhand.mapper.AdminMapper' mapperInterface
2026-02-25 14:57:48.411 [restartedMain] DEBUG o.m.s.mapper.ClassPathMapperScanner - Enabling autowire by type for MapperFactoryBean with name 'adminMapper'.
2026-02-25 14:57:48.411 [restartedMain] DEBUG o.m.s.mapper.ClassPathMapperScanner - Creating MapperFactoryBean with name 'adminRoleMapper' and 'xyz.yaungyue.secondhand.mapper.AdminRoleMapper' mapperInterface
2026-02-25 14:57:48.412 [restartedMain] DEBUG o.m.s.mapper.ClassPathMapperScanner - Enabling autowire by type for MapperFactoryBean with name 'adminRoleMapper'.
2026-02-25 14:57:48.412 [restartedMain] DEBUG o.m.s.mapper.ClassPathMapperScanner - Creating MapperFactoryBean with name 'cartMapper' and 'xyz.yaungyue.secondhand.mapper.CartMapper' mapperInterface
2026-02-25 14:57:48.412 [restartedMain] DEBUG o.m.s.mapper.ClassPathMapperScanner - Enabling autowire by type for MapperFactoryBean with name 'cartMapper'.
2026-02-25 14:57:48.413 [restartedMain] DEBUG o.m.s.mapper.ClassPathMapperScanner - Creating MapperFactoryBean with name 'categoryMapper' and 'xyz.yaungyue.secondhand.mapper.CategoryMapper' mapperInterface
2026-02-25 14:57:48.413 [restartedMain] DEBUG o.m.s.mapper.ClassPathMapperScanner - Enabling autowire by type for MapperFactoryBean with name 'categoryMapper'.
2026-02-25 14:57:48.413 [restartedMain] DEBUG o.m.s.mapper.ClassPathMapperScanner - Creating MapperFactoryBean with name 'chatMessageMapper' and 'xyz.yaungyue.secondhand.mapper.ChatMessageMapper' mapperInterface
2026-02-25 14:57:48.414 [restartedMain] DEBUG o.m.s.mapper.ClassPathMapperScanner - Enabling autowire by type for MapperFactoryBean with name 'chatMessageMapper'.
2026-02-25 14:57:48.414 [restartedMain] DEBUG o.m.s.mapper.ClassPathMapperScanner - Creating MapperFactoryBean with name 'creditLogMapper' and 'xyz.yaungyue.secondhand.mapper.CreditLogMapper' mapperInterface
2026-02-25 14:57:48.415 [restartedMain] DEBUG o.m.s.mapper.ClassPathMapperScanner - Enabling autowire by type for MapperFactoryBean with name 'creditLogMapper'.
2026-02-25 14:57:48.415 [restartedMain] DEBUG o.m.s.mapper.ClassPathMapperScanner - Creating MapperFactoryBean with name 'evaluateMapper' and 'xyz.yaungyue.secondhand.mapper.EvaluateMapper' mapperInterface
2026-02-25 14:57:48.416 [restartedMain] DEBUG o.m.s.mapper.ClassPathMapperScanner - Enabling autowire by type for MapperFactoryBean with name 'evaluateMapper'.
2026-02-25 14:57:48.416 [restartedMain] DEBUG o.m.s.mapper.ClassPathMapperScanner - Creating MapperFactoryBean with name 'favoriteMapper' and 'xyz.yaungyue.secondhand.mapper.FavoriteMapper' mapperInterface
2026-02-25 14:57:48.417 [restartedMain] DEBUG o.m.s.mapper.ClassPathMapperScanner - Enabling autowire by type for MapperFactoryBean with name 'favoriteMapper'.
2026-02-25 14:57:48.417 [restartedMain] DEBUG o.m.s.mapper.ClassPathMapperScanner - Creating MapperFactoryBean with name 'fileMapper' and 'xyz.yaungyue.secondhand.mapper.FileMapper' mapperInterface
2026-02-25 14:57:48.418 [restartedMain] DEBUG o.m.s.mapper.ClassPathMapperScanner - Enabling autowire by type for MapperFactoryBean with name 'fileMapper'.
2026-02-25 14:57:48.419 [restartedMain] DEBUG o.m.s.mapper.ClassPathMapperScanner - Creating MapperFactoryBean with name 'menuMapper' and 'xyz.yaungyue.secondhand.mapper.MenuMapper' mapperInterface
2026-02-25 14:57:48.419 [restartedMain] DEBUG o.m.s.mapper.ClassPathMapperScanner - Enabling autowire by type for MapperFactoryBean with name 'menuMapper'.
2026-02-25 14:57:48.419 [restartedMain] DEBUG o.m.s.mapper.ClassPathMapperScanner - Creating MapperFactoryBean with name 'noticeMapper' and 'xyz.yaungyue.secondhand.mapper.NoticeMapper' mapperInterface
2026-02-25 14:57:48.420 [restartedMain] DEBUG o.m.s.mapper.ClassPathMapperScanner - Enabling autowire by type for MapperFactoryBean with name 'noticeMapper'.
2026-02-25 14:57:48.420 [restartedMain] DEBUG o.m.s.mapper.ClassPathMapperScanner - Creating MapperFactoryBean with name 'orderItemMapper' and 'xyz.yaungyue.secondhand.mapper.OrderItemMapper' mapperInterface
2026-02-25 14:57:48.421 [restartedMain] DEBUG o.m.s.mapper.ClassPathMapperScanner - Enabling autowire by type for MapperFactoryBean with name 'orderItemMapper'.
2026-02-25 14:57:48.421 [restartedMain] DEBUG o.m.s.mapper.ClassPathMapperScanner - Creating MapperFactoryBean with name 'orderMapper' and 'xyz.yaungyue.secondhand.mapper.OrderMapper' mapperInterface
2026-02-25 14:57:48.422 [restartedMain] DEBUG o.m.s.mapper.ClassPathMapperScanner - Enabling autowire by type for MapperFactoryBean with name 'orderMapper'.
2026-02-25 14:57:48.422 [restartedMain] DEBUG o.m.s.mapper.ClassPathMapperScanner - Creating MapperFactoryBean with name 'productMapper' and 'xyz.yaungyue.secondhand.mapper.ProductMapper' mapperInterface
2026-02-25 14:57:48.422 [restartedMain] DEBUG o.m.s.mapper.ClassPathMapperScanner - Enabling autowire by type for MapperFactoryBean with name 'productMapper'.
2026-02-25 14:57:48.423 [restartedMain] DEBUG o.m.s.mapper.ClassPathMapperScanner - Creating MapperFactoryBean with name 'roleMapper' and 'xyz.yaungyue.secondhand.mapper.RoleMapper' mapperInterface
2026-02-25 14:57:48.423 [restartedMain] DEBUG o.m.s.mapper.ClassPathMapperScanner - Enabling autowire by type for MapperFactoryBean with name 'roleMapper'.
2026-02-25 14:57:48.423 [restartedMain] DEBUG o.m.s.mapper.ClassPathMapperScanner - Creating MapperFactoryBean with name 'roleMenuMapper' and 'xyz.yaungyue.secondhand.mapper.RoleMenuMapper' mapperInterface
2026-02-25 14:57:48.424 [restartedMain] DEBUG o.m.s.mapper.ClassPathMapperScanner - Enabling autowire by type for MapperFactoryBean with name 'roleMenuMapper'.
2026-02-25 14:57:48.424 [restartedMain] DEBUG o.m.s.mapper.ClassPathMapperScanner - Creating MapperFactoryBean with name 'userMapper' and 'xyz.yaungyue.secondhand.mapper.UserMapper' mapperInterface
2026-02-25 14:57:48.425 [restartedMain] DEBUG o.m.s.mapper.ClassPathMapperScanner - Enabling autowire by type for MapperFactoryBean with name 'userMapper'.
2026-02-25 14:57:48.425 [restartedMain] DEBUG o.m.s.mapper.ClassPathMapperScanner - Creating MapperFactoryBean with name 'userRoleMapper' and 'xyz.yaungyue.secondhand.mapper.UserRoleMapper' mapperInterface
2026-02-25 14:57:48.425 [restartedMain] DEBUG o.m.s.mapper.ClassPathMapperScanner - Enabling autowire by type for MapperFactoryBean with name 'userRoleMapper'.
2026-02-25 14:57:48.510 [restartedMain] INFO  o.s.b.w.e.tomcat.TomcatWebServer - Tomcat initialized with port 8080 (http)
2026-02-25 14:57:48.511 [restartedMain] INFO  o.a.catalina.core.StandardService - Starting service [Tomcat]
2026-02-25 14:57:48.512 [restartedMain] INFO  o.a.catalina.core.StandardEngine - Starting Servlet engine: [Apache Tomcat/10.1.50]
2026-02-25 14:57:48.566 [restartedMain] INFO  o.a.c.c.C.[Tomcat].[localhost].[/] - Initializing Spring embedded WebApplicationContext
2026-02-25 14:57:48.566 [restartedMain] INFO  o.s.b.w.s.c.ServletWebServerApplicationContext - Root WebApplicationContext: initialization completed in 637 ms
2026-02-25 14:57:48.584 [restartedMain] DEBUG x.y.s.config.JwtAuthenticationFilter - Filter 'jwtAuthenticationFilter' configured for use
2026-02-25 14:57:48.584 [restartedMain] DEBUG o.s.web.filter.CorsFilter - Filter 'corsFilter' configured for use
2026-02-25 14:57:48.624 [restartedMain] DEBUG c.b.m.e.s.MybatisSqlSessionFactoryBean - Property 'mapperLocations' was not specified.
2026-02-25 14:57:48.952 [restartedMain] DEBUG c.b.m.core.toolkit.Sequence - Get /172.26.32.1 network interface 
2026-02-25 14:57:48.976 [restartedMain] DEBUG c.b.m.core.toolkit.Sequence - Get network interface info: name:eth30 (Hyper-V Virtual Ethernet Adapter)
2026-02-25 14:57:48.986 [restartedMain] DEBUG c.b.m.core.toolkit.Sequence - Initialization Sequence datacenterId:27 workerId:18
2026-02-25 14:57:49.666 [restartedMain] DEBUG i.l.c.r.DefaultEventLoopGroupProvider - Creating executor io.netty.util.concurrent.DefaultEventExecutorGroup
2026-02-25 14:57:49.707 [restartedMain] INFO  o.s.b.a.w.s.WelcomePageHandlerMapping - Adding welcome page: class path resource [static/index.html]
2026-02-25 14:57:49.707 [restartedMain] INFO  x.y.secondhand.config.SaTokenConfig - Sa-Token 拦截器配置完成 - 权限授权功能已启用
2026-02-25 14:57:49.736 [restartedMain] DEBUG o.s.w.s.m.m.a.RequestMappingHandlerMapping - 16 mappings in 'requestMappingHandlerMapping'
2026-02-25 14:57:49.795 [restartedMain] DEBUG o.s.w.s.h.SimpleUrlHandlerMapping - Patterns [/webjars/**, /**] in 'resourceHandlerMapping'
2026-02-25 14:57:49.898 [restartedMain] DEBUG o.s.w.s.m.m.a.RequestMappingHandlerAdapter - ControllerAdvice beans: 0 @ModelAttribute, 0 @InitBinder, 1 RequestBodyAdvice, 1 ResponseBodyAdvice
2026-02-25 14:57:49.911 [restartedMain] DEBUG o.s.w.s.m.m.a.ExceptionHandlerExceptionResolver - ControllerAdvice beans: 1 @ExceptionHandler, 1 ResponseBodyAdvice
2026-02-25 14:57:49.926 [restartedMain] INFO  c.b.m.e.s.MybatisPlusApplicationContextAware - Register ApplicationContext instances org.springframework.boot.web.servlet.context.AnnotationConfigServletWebServerApplicationContext@72083270
2026-02-25 14:57:50.060 [restartedMain] INFO  o.s.b.d.a.OptionalLiveReloadServer - LiveReload server is running on port 35729
2026-02-25 14:57:50.130 [restartedMain] INFO  o.s.b.w.e.tomcat.TomcatWebServer - Tomcat started on port 8080 (http) with context path '/'
2026-02-25 14:57:50.135 [restartedMain] INFO  x.y.s.SecondhandPlatformServerApplication - Started SecondhandPlatformServerApplication in 2.259 seconds (process running for 409.776)
2026-02-25 14:57:50.138 [restartedMain] INFO  o.s.b.d.a.ConditionEvaluationDeltaLoggingListener - Condition evaluation unchanged
2026-02-25 14:59:40.690 [File Watcher] INFO  o.s.b.d.a.LocalDevToolsAutoConfiguration$RestartingClassPathChangeChangedEventListener - Restarting due to 116 class path changes (0 additions, 115 deletions, 1 modification)
2026-02-25 14:59:40.693 [Thread-12] INFO  o.s.b.w.e.tomcat.GracefulShutdown - Commencing graceful shutdown. Waiting for active requests to complete
2026-02-25 14:59:41.354 [tomcat-shutdown] INFO  o.s.b.w.e.tomcat.GracefulShutdown - Graceful shutdown complete
2026-02-25 14:59:41.356 [Thread-12] DEBUG io.lettuce.core.AbstractRedisClient - Initiate shutdown (0, 100, MILLISECONDS)
2026-02-25 14:59:41.358 [Thread-12] DEBUG i.l.c.r.DefaultClientResources - Initiate shutdown (0, 2, SECONDS)
2026-02-25 14:59:41.358 [Thread-12] DEBUG i.l.c.r.DefaultEventLoopGroupProvider - Initiate shutdown (0, 2, SECONDS)
2026-02-25 14:59:41.475 [restartedMain] INFO  x.y.s.SecondhandPlatformServerApplication - Starting SecondhandPlatformServerApplication using Java 17.0.6 with PID 86852 (D:\yangyue\study\java\04.项目代码\毕设\secondhand-platform-server\target\classes started by yaung in D:\yangyue\study\java\04.项目代码\毕设\secondhand-platform-server)
2026-02-25 14:59:41.475 [restartedMain] DEBUG x.y.s.SecondhandPlatformServerApplication - Running with Spring Boot v3.5.10, Spring v6.2.15
2026-02-25 14:59:41.475 [restartedMain] INFO  x.y.s.SecondhandPlatformServerApplication - No active profile set, falling back to 1 default profile: "default"
2026-02-25 14:59:41.801 [restartedMain] INFO  o.s.d.r.c.RepositoryConfigurationDelegate - Multiple Spring Data modules found, entering strict repository configuration mode
2026-02-25 14:59:41.801 [restartedMain] INFO  o.s.d.r.c.RepositoryConfigurationDelegate - Bootstrapping Spring Data Redis repositories in DEFAULT mode.
2026-02-25 14:59:41.805 [restartedMain] INFO  o.s.d.r.c.RepositoryConfigurationDelegate - Finished Spring Data repository scanning in 2 ms. Found 0 Redis repository interfaces.
2026-02-25 14:59:41.892 [restartedMain] WARN  o.m.s.mapper.ClassPathMapperScanner - No MyBatis mapper was found in '[xyz.yaungyue.secondhand.mapper]' package. Please check your configuration.
2026-02-25 14:59:41.972 [restartedMain] INFO  o.s.b.w.e.tomcat.TomcatWebServer - Tomcat initialized with port 8080 (http)
2026-02-25 14:59:41.973 [restartedMain] INFO  o.a.catalina.core.StandardService - Starting service [Tomcat]
2026-02-25 14:59:41.973 [restartedMain] INFO  o.a.catalina.core.StandardEngine - Starting Servlet engine: [Apache Tomcat/10.1.50]
2026-02-25 14:59:42.047 [restartedMain] INFO  o.a.c.c.C.[Tomcat].[localhost].[/] - Initializing Spring embedded WebApplicationContext
2026-02-25 14:59:42.047 [restartedMain] INFO  o.s.b.w.s.c.ServletWebServerApplicationContext - Root WebApplicationContext: initialization completed in 569 ms
2026-02-25 14:59:42.138 [restartedMain] INFO  o.s.b.a.w.s.WelcomePageHandlerMapping - Adding welcome page: class path resource [static/index.html]
2026-02-25 14:59:42.156 [restartedMain] DEBUG o.s.w.s.m.m.a.RequestMappingHandlerMapping - 2 mappings in 'requestMappingHandlerMapping'
2026-02-25 14:59:42.176 [restartedMain] DEBUG o.s.w.s.h.SimpleUrlHandlerMapping - Patterns [/webjars/**, /**] in 'resourceHandlerMapping'
2026-02-25 14:59:42.187 [restartedMain] DEBUG o.s.w.s.m.m.a.RequestMappingHandlerAdapter - ControllerAdvice beans: 0 @ModelAttribute, 0 @InitBinder, 1 RequestBodyAdvice, 1 ResponseBodyAdvice
2026-02-25 14:59:42.199 [restartedMain] DEBUG o.s.w.s.m.m.a.ExceptionHandlerExceptionResolver - ControllerAdvice beans: 0 @ExceptionHandler, 1 ResponseBodyAdvice
2026-02-25 14:59:42.208 [restartedMain] DEBUG i.l.c.r.DefaultEventLoopGroupProvider - Creating executor io.netty.util.concurrent.DefaultEventExecutorGroup
2026-02-25 14:59:42.283 [restartedMain] DEBUG c.b.m.e.s.MybatisSqlSessionFactoryBean - Property 'mapperLocations' was not specified.
2026-02-25 14:59:42.629 [restartedMain] DEBUG c.b.m.core.toolkit.Sequence - Get /172.26.32.1 network interface 
2026-02-25 14:59:42.659 [restartedMain] DEBUG c.b.m.core.toolkit.Sequence - Get network interface info: name:eth30 (Hyper-V Virtual Ethernet Adapter)
2026-02-25 14:59:42.669 [restartedMain] DEBUG c.b.m.core.toolkit.Sequence - Initialization Sequence datacenterId:27 workerId:18
2026-02-25 14:59:42.675 [restartedMain] INFO  c.b.m.e.s.MybatisPlusApplicationContextAware - Register ApplicationContext instances org.springframework.boot.web.servlet.context.AnnotationConfigServletWebServerApplicationContext@66e9766a
2026-02-25 14:59:42.782 [restartedMain] WARN  o.s.b.a.s.s.UserDetailsServiceAutoConfiguration - 

Using generated security password: 95517e36-ba16-43cf-a76f-b1e377de27bb

This generated password is for development use only. Your security configuration must be updated before running your application in production.

2026-02-25 14:59:42.791 [restartedMain] INFO  o.s.s.c.a.a.c.InitializeUserDetailsBeanManagerConfigurer$InitializeUserDetailsManagerConfigurer - Global AuthenticationManager configured with UserDetailsService bean with name inMemoryUserDetailsManager
2026-02-25 14:59:42.845 [restartedMain] INFO  o.s.b.d.a.OptionalLiveReloadServer - LiveReload server is running on port 35729
2026-02-25 14:59:42.870 [restartedMain] INFO  o.s.b.w.e.tomcat.TomcatWebServer - Tomcat started on port 8080 (http) with context path '/'
2026-02-25 14:59:42.876 [restartedMain] INFO  x.y.s.SecondhandPlatformServerApplication - Started SecondhandPlatformServerApplication in 1.457 seconds (process running for 522.517)
2026-02-25 14:59:42.879 [restartedMain] INFO  o.s.b.d.a.ConditionEvaluationDeltaLoggingListener - Condition evaluation delta:


==========================
CONDITION EVALUATION DELTA
==========================


Positive matches:
-----------------

   RedisAutoConfiguration#redisTemplate matched:
      - @ConditionalOnSingleCandidate (types: org.springframework.data.redis.connection.RedisConnectionFactory; SearchStrategy: all) found a single bean 'redisConnectionFactory'; @ConditionalOnMissingBean (names: redisTemplate; SearchStrategy: all) did not find any beans (OnBeanCondition)

   SpringBootWebSecurityConfiguration.SecurityFilterChainConfiguration matched:
      - AllNestedConditions 2 matched 0 did not; NestedCondition on DefaultWebSecurityCondition.Beans @ConditionalOnMissingBean (types: org.springframework.security.web.SecurityFilterChain; SearchStrategy: all) did not find any beans; NestedCondition on DefaultWebSecurityCondition.Classes @ConditionalOnClass found required classes 'org.springframework.security.web.SecurityFilterChain', 'org.springframework.security.config.annotation.web.builders.HttpSecurity' (DefaultWebSecurityCondition)

   SpringBootWebSecurityConfiguration.WebSecurityEnablerConfiguration matched:
      - @ConditionalOnClass found required class 'org.springframework.security.config.annotation.web.configuration.EnableWebSecurity' (OnClassCondition)
      - @ConditionalOnMissingBean (names: springSecurityFilterChain; SearchStrategy: all) did not find any beans (OnBeanCondition)

   UserDetailsServiceAutoConfiguration matched:
      - @ConditionalOnClass found required class 'org.springframework.security.authentication.AuthenticationManager' (OnClassCondition)
      - found 'session' scope (OnWebApplicationCondition)
      - AnyNestedCondition 1 matched 2 did not; NestedCondition on UserDetailsServiceAutoConfiguration.MissingAlternativeOrUserPropertiesConfigured.PasswordConfigured @ConditionalOnProperty (spring.security.user.password) did not find property 'spring.security.user.password'; NestedCondition on UserDetailsServiceAutoConfiguration.MissingAlternativeOrUserPropertiesConfigured.NameConfigured @ConditionalOnProperty (spring.security.user.name) did not find property 'spring.security.user.name'; NestedCondition on UserDetailsServiceAutoConfiguration.MissingAlternativeOrUserPropertiesConfigured.MissingAlternative @ConditionalOnMissingClass did not find unwanted classes 'org.springframework.security.oauth2.client.registration.ClientRegistrationRepository', 'org.springframework.security.oauth2.server.resource.introspection.OpaqueTokenIntrospector', 'org.springframework.security.saml2.provider.service.registration.RelyingPartyRegistrationRepository' (UserDetailsServiceAutoConfiguration.MissingAlternativeOrUserPropertiesConfigured)
      - @ConditionalOnBean (types: org.springframework.security.config.ObjectPostProcessor; SearchStrategy: all) found beans 'objectPostProcessor', 'webAuthorizationManagerPostProcessor', 'filterChainDecoratorPostProcessor', 'authenticationManagerPostProcessor'; @ConditionalOnMissingBean (types: org.springframework.security.authentication.AuthenticationManager,org.springframework.security.authentication.AuthenticationProvider,org.springframework.security.core.userdetails.UserDetailsService,org.springframework.security.authentication.AuthenticationManagerResolver,org.springframework.security.oauth2.jwt.JwtDecoder; SearchStrategy: all) did not find any beans (OnBeanCondition)


Negative matches:
-----------------

    None


Exclusions:
-----------

    None


Unconditional classes:
----------------------

    None



2026-02-25 15:00:15.830 [File Watcher] INFO  o.s.b.d.a.LocalDevToolsAutoConfiguration$RestartingClassPathChangeChangedEventListener - Restarting due to 95 class path changes (95 additions, 0 deletions, 0 modifications)
2026-02-25 15:00:15.832 [Thread-16] INFO  o.s.b.w.e.tomcat.GracefulShutdown - Commencing graceful shutdown. Waiting for active requests to complete
2026-02-25 15:00:16.747 [tomcat-shutdown] INFO  o.s.b.w.e.tomcat.GracefulShutdown - Graceful shutdown complete
2026-02-25 15:00:16.748 [Thread-16] DEBUG io.lettuce.core.AbstractRedisClient - Initiate shutdown (0, 100, MILLISECONDS)
2026-02-25 15:00:16.749 [Thread-16] DEBUG i.l.c.r.DefaultClientResources - Initiate shutdown (0, 2, SECONDS)
2026-02-25 15:00:16.750 [Thread-16] DEBUG i.l.c.r.DefaultEventLoopGroupProvider - Initiate shutdown (0, 2, SECONDS)
2026-02-25 15:00:16.869 [restartedMain] INFO  x.y.s.SecondhandPlatformServerApplication - Starting SecondhandPlatformServerApplication using Java 17.0.6 with PID 86852 (D:\yangyue\study\java\04.项目代码\毕设\secondhand-platform-server\target\classes started by yaung in D:\yangyue\study\java\04.项目代码\毕设\secondhand-platform-server)
2026-02-25 15:00:16.869 [restartedMain] DEBUG x.y.s.SecondhandPlatformServerApplication - Running with Spring Boot v3.5.10, Spring v6.2.15
2026-02-25 15:00:16.869 [restartedMain] INFO  x.y.s.SecondhandPlatformServerApplication - No active profile set, falling back to 1 default profile: "default"
2026-02-25 15:00:17.210 [restartedMain] INFO  o.s.d.r.c.RepositoryConfigurationDelegate - Multiple Spring Data modules found, entering strict repository configuration mode
2026-02-25 15:00:17.210 [restartedMain] INFO  o.s.d.r.c.RepositoryConfigurationDelegate - Bootstrapping Spring Data Redis repositories in DEFAULT mode.
2026-02-25 15:00:17.230 [restartedMain] INFO  o.s.d.r.c.RepositoryConfigurationDelegate - Finished Spring Data repository scanning in 17 ms. Found 0 Redis repository interfaces.
2026-02-25 15:00:17.286 [restartedMain] DEBUG o.m.s.mapper.ClassPathMapperScanner - Identified candidate component class: file [D:\yangyue\study\java\04.项目代码\毕设\secondhand-platform-server\target\classes\xyz\yaungyue\secondhand\mapper\AdminMapper.class]
2026-02-25 15:00:17.286 [restartedMain] DEBUG o.m.s.mapper.ClassPathMapperScanner - Identified candidate component class: file [D:\yangyue\study\java\04.项目代码\毕设\secondhand-platform-server\target\classes\xyz\yaungyue\secondhand\mapper\AdminRoleMapper.class]
2026-02-25 15:00:17.286 [restartedMain] DEBUG o.m.s.mapper.ClassPathMapperScanner - Identified candidate component class: file [D:\yangyue\study\java\04.项目代码\毕设\secondhand-platform-server\target\classes\xyz\yaungyue\secondhand\mapper\CartMapper.class]
2026-02-25 15:00:17.286 [restartedMain] DEBUG o.m.s.mapper.ClassPathMapperScanner - Identified candidate component class: file [D:\yangyue\study\java\04.项目代码\毕设\secondhand-platform-server\target\classes\xyz\yaungyue\secondhand\mapper\CategoryMapper.class]
2026-02-25 15:00:17.286 [restartedMain] DEBUG o.m.s.mapper.ClassPathMapperScanner - Identified candidate component class: file [D:\yangyue\study\java\04.项目代码\毕设\secondhand-platform-server\target\classes\xyz\yaungyue\secondhand\mapper\ChatMessageMapper.class]
2026-02-25 15:00:17.286 [restartedMain] DEBUG o.m.s.mapper.ClassPathMapperScanner - Identified candidate component class: file [D:\yangyue\study\java\04.项目代码\毕设\secondhand-platform-server\target\classes\xyz\yaungyue\secondhand\mapper\EvaluateMapper.class]
2026-02-25 15:00:17.286 [restartedMain] DEBUG o.m.s.mapper.ClassPathMapperScanner - Identified candidate component class: file [D:\yangyue\study\java\04.项目代码\毕设\secondhand-platform-server\target\classes\xyz\yaungyue\secondhand\mapper\FileMapper.class]
2026-02-25 15:00:17.286 [restartedMain] DEBUG o.m.s.mapper.ClassPathMapperScanner - Identified candidate component class: file [D:\yangyue\study\java\04.项目代码\毕设\secondhand-platform-server\target\classes\xyz\yaungyue\secondhand\mapper\MenuMapper.class]
2026-02-25 15:00:17.286 [restartedMain] DEBUG o.m.s.mapper.ClassPathMapperScanner - Identified candidate component class: file [D:\yangyue\study\java\04.项目代码\毕设\secondhand-platform-server\target\classes\xyz\yaungyue\secondhand\mapper\NoticeMapper.class]
2026-02-25 15:00:17.286 [restartedMain] DEBUG o.m.s.mapper.ClassPathMapperScanner - Identified candidate component class: file [D:\yangyue\study\java\04.项目代码\毕设\secondhand-platform-server\target\classes\xyz\yaungyue\secondhand\mapper\OrderItemMapper.class]
2026-02-25 15:00:17.286 [restartedMain] DEBUG o.m.s.mapper.ClassPathMapperScanner - Identified candidate component class: file [D:\yangyue\study\java\04.项目代码\毕设\secondhand-platform-server\target\classes\xyz\yaungyue\secondhand\mapper\OrderMapper.class]
2026-02-25 15:00:17.287 [restartedMain] DEBUG o.m.s.mapper.ClassPathMapperScanner - Identified candidate component class: file [D:\yangyue\study\java\04.项目代码\毕设\secondhand-platform-server\target\classes\xyz\yaungyue\secondhand\mapper\ProductMapper.class]
2026-02-25 15:00:17.287 [restartedMain] DEBUG o.m.s.mapper.ClassPathMapperScanner - Identified candidate component class: file [D:\yangyue\study\java\04.项目代码\毕设\secondhand-platform-server\target\classes\xyz\yaungyue\secondhand\mapper\RoleMapper.class]
2026-02-25 15:00:17.287 [restartedMain] DEBUG o.m.s.mapper.ClassPathMapperScanner - Identified candidate component class: file [D:\yangyue\study\java\04.项目代码\毕设\secondhand-platform-server\target\classes\xyz\yaungyue\secondhand\mapper\RoleMenuMapper.class]
2026-02-25 15:00:17.287 [restartedMain] DEBUG o.m.s.mapper.ClassPathMapperScanner - Identified candidate component class: file [D:\yangyue\study\java\04.项目代码\毕设\secondhand-platform-server\target\classes\xyz\yaungyue\secondhand\mapper\UserMapper.class]
2026-02-25 15:00:17.287 [restartedMain] DEBUG o.m.s.mapper.ClassPathMapperScanner - Identified candidate component class: file [D:\yangyue\study\java\04.项目代码\毕设\secondhand-platform-server\target\classes\xyz\yaungyue\secondhand\mapper\UserRoleMapper.class]
2026-02-25 15:00:17.287 [restartedMain] DEBUG o.m.s.mapper.ClassPathMapperScanner - Creating MapperFactoryBean with name 'adminMapper' and 'xyz.yaungyue.secondhand.mapper.AdminMapper' mapperInterface
2026-02-25 15:00:17.289 [restartedMain] DEBUG o.m.s.mapper.ClassPathMapperScanner - Enabling autowire by type for MapperFactoryBean with name 'adminMapper'.
2026-02-25 15:00:17.289 [restartedMain] DEBUG o.m.s.mapper.ClassPathMapperScanner - Creating MapperFactoryBean with name 'adminRoleMapper' and 'xyz.yaungyue.secondhand.mapper.AdminRoleMapper' mapperInterface
2026-02-25 15:00:17.290 [restartedMain] DEBUG o.m.s.mapper.ClassPathMapperScanner - Enabling autowire by type for MapperFactoryBean with name 'adminRoleMapper'.
2026-02-25 15:00:17.290 [restartedMain] DEBUG o.m.s.mapper.ClassPathMapperScanner - Creating MapperFactoryBean with name 'cartMapper' and 'xyz.yaungyue.secondhand.mapper.CartMapper' mapperInterface
2026-02-25 15:00:17.291 [restartedMain] DEBUG o.m.s.mapper.ClassPathMapperScanner - Enabling autowire by type for MapperFactoryBean with name 'cartMapper'.
2026-02-25 15:00:17.291 [restartedMain] DEBUG o.m.s.mapper.ClassPathMapperScanner - Creating MapperFactoryBean with name 'categoryMapper' and 'xyz.yaungyue.secondhand.mapper.CategoryMapper' mapperInterface
2026-02-25 15:00:17.292 [restartedMain] DEBUG o.m.s.mapper.ClassPathMapperScanner - Enabling autowire by type for MapperFactoryBean with name 'categoryMapper'.
2026-02-25 15:00:17.292 [restartedMain] DEBUG o.m.s.mapper.ClassPathMapperScanner - Creating MapperFactoryBean with name 'chatMessageMapper' and 'xyz.yaungyue.secondhand.mapper.ChatMessageMapper' mapperInterface
2026-02-25 15:00:17.292 [restartedMain] DEBUG o.m.s.mapper.ClassPathMapperScanner - Enabling autowire by type for MapperFactoryBean with name 'chatMessageMapper'.
2026-02-25 15:00:17.292 [restartedMain] DEBUG o.m.s.mapper.ClassPathMapperScanner - Creating MapperFactoryBean with name 'evaluateMapper' and 'xyz.yaungyue.secondhand.mapper.EvaluateMapper' mapperInterface
2026-02-25 15:00:17.293 [restartedMain] DEBUG o.m.s.mapper.ClassPathMapperScanner - Enabling autowire by type for MapperFactoryBean with name 'evaluateMapper'.
2026-02-25 15:00:17.293 [restartedMain] DEBUG o.m.s.mapper.ClassPathMapperScanner - Creating MapperFactoryBean with name 'fileMapper' and 'xyz.yaungyue.secondhand.mapper.FileMapper' mapperInterface
2026-02-25 15:00:17.293 [restartedMain] DEBUG o.m.s.mapper.ClassPathMapperScanner - Enabling autowire by type for MapperFactoryBean with name 'fileMapper'.
2026-02-25 15:00:17.293 [restartedMain] DEBUG o.m.s.mapper.ClassPathMapperScanner - Creating MapperFactoryBean with name 'menuMapper' and 'xyz.yaungyue.secondhand.mapper.MenuMapper' mapperInterface
2026-02-25 15:00:17.294 [restartedMain] DEBUG o.m.s.mapper.ClassPathMapperScanner - Enabling autowire by type for MapperFactoryBean with name 'menuMapper'.
2026-02-25 15:00:17.294 [restartedMain] DEBUG o.m.s.mapper.ClassPathMapperScanner - Creating MapperFactoryBean with name 'noticeMapper' and 'xyz.yaungyue.secondhand.mapper.NoticeMapper' mapperInterface
2026-02-25 15:00:17.295 [restartedMain] DEBUG o.m.s.mapper.ClassPathMapperScanner - Enabling autowire by type for MapperFactoryBean with name 'noticeMapper'.
2026-02-25 15:00:17.295 [restartedMain] DEBUG o.m.s.mapper.ClassPathMapperScanner - Creating MapperFactoryBean with name 'orderItemMapper' and 'xyz.yaungyue.secondhand.mapper.OrderItemMapper' mapperInterface
2026-02-25 15:00:17.295 [restartedMain] DEBUG o.m.s.mapper.ClassPathMapperScanner - Enabling autowire by type for MapperFactoryBean with name 'orderItemMapper'.
2026-02-25 15:00:17.295 [restartedMain] DEBUG o.m.s.mapper.ClassPathMapperScanner - Creating MapperFactoryBean with name 'orderMapper' and 'xyz.yaungyue.secondhand.mapper.OrderMapper' mapperInterface
2026-02-25 15:00:17.296 [restartedMain] DEBUG o.m.s.mapper.ClassPathMapperScanner - Enabling autowire by type for MapperFactoryBean with name 'orderMapper'.
2026-02-25 15:00:17.296 [restartedMain] DEBUG o.m.s.mapper.ClassPathMapperScanner - Creating MapperFactoryBean with name 'productMapper' and 'xyz.yaungyue.secondhand.mapper.ProductMapper' mapperInterface
2026-02-25 15:00:17.296 [restartedMain] DEBUG o.m.s.mapper.ClassPathMapperScanner - Enabling autowire by type for MapperFactoryBean with name 'productMapper'.
2026-02-25 15:00:17.296 [restartedMain] DEBUG o.m.s.mapper.ClassPathMapperScanner - Creating MapperFactoryBean with name 'roleMapper' and 'xyz.yaungyue.secondhand.mapper.RoleMapper' mapperInterface
2026-02-25 15:00:17.297 [restartedMain] DEBUG o.m.s.mapper.ClassPathMapperScanner - Enabling autowire by type for MapperFactoryBean with name 'roleMapper'.
2026-02-25 15:00:17.297 [restartedMain] DEBUG o.m.s.mapper.ClassPathMapperScanner - Creating MapperFactoryBean with name 'roleMenuMapper' and 'xyz.yaungyue.secondhand.mapper.RoleMenuMapper' mapperInterface
2026-02-25 15:00:17.298 [restartedMain] DEBUG o.m.s.mapper.ClassPathMapperScanner - Enabling autowire by type for MapperFactoryBean with name 'roleMenuMapper'.
2026-02-25 15:00:17.298 [restartedMain] DEBUG o.m.s.mapper.ClassPathMapperScanner - Creating MapperFactoryBean with name 'userMapper' and 'xyz.yaungyue.secondhand.mapper.UserMapper' mapperInterface
2026-02-25 15:00:17.298 [restartedMain] DEBUG o.m.s.mapper.ClassPathMapperScanner - Enabling autowire by type for MapperFactoryBean with name 'userMapper'.
2026-02-25 15:00:17.298 [restartedMain] DEBUG o.m.s.mapper.ClassPathMapperScanner - Creating MapperFactoryBean with name 'userRoleMapper' and 'xyz.yaungyue.secondhand.mapper.UserRoleMapper' mapperInterface
2026-02-25 15:00:17.298 [restartedMain] DEBUG o.m.s.mapper.ClassPathMapperScanner - Enabling autowire by type for MapperFactoryBean with name 'userRoleMapper'.
2026-02-25 15:00:17.363 [restartedMain] INFO  o.s.b.w.e.tomcat.TomcatWebServer - Tomcat initialized with port 8080 (http)
2026-02-25 15:00:17.364 [restartedMain] INFO  o.a.catalina.core.StandardService - Starting service [Tomcat]
2026-02-25 15:00:17.364 [restartedMain] INFO  o.a.catalina.core.StandardEngine - Starting Servlet engine: [Apache Tomcat/10.1.50]
2026-02-25 15:00:17.402 [restartedMain] INFO  o.a.c.c.C.[Tomcat].[localhost].[/] - Initializing Spring embedded WebApplicationContext
2026-02-25 15:00:17.402 [restartedMain] INFO  o.s.b.w.s.c.ServletWebServerApplicationContext - Root WebApplicationContext: initialization completed in 529 ms
2026-02-25 15:00:17.415 [restartedMain] DEBUG x.y.s.config.JwtAuthenticationFilter - Filter 'jwtAuthenticationFilter' configured for use
2026-02-25 15:00:17.415 [restartedMain] DEBUG o.s.web.filter.CorsFilter - Filter 'corsFilter' configured for use
2026-02-25 15:00:17.441 [restartedMain] DEBUG c.b.m.e.s.MybatisSqlSessionFactoryBean - Property 'mapperLocations' was not specified.
2026-02-25 15:00:17.752 [restartedMain] DEBUG c.b.m.core.toolkit.Sequence - Get /172.26.32.1 network interface 
2026-02-25 15:00:17.773 [restartedMain] DEBUG c.b.m.core.toolkit.Sequence - Get network interface info: name:eth30 (Hyper-V Virtual Ethernet Adapter)
2026-02-25 15:00:17.780 [restartedMain] DEBUG c.b.m.core.toolkit.Sequence - Initialization Sequence datacenterId:27 workerId:18
2026-02-25 15:00:17.846 [restartedMain] WARN  o.s.b.w.s.c.AnnotationConfigServletWebServerApplicationContext - Exception encountered during context initialization - cancelling refresh attempt: org.springframework.beans.factory.UnsatisfiedDependencyException: Error creating bean with name 'saTokenConfig' defined in file [D:\yangyue\study\java\04.项目代码\毕设\secondhand-platform-server\target\classes\xyz\yaungyue\secondhand\config\SaTokenConfig.class]: Unsatisfied dependency expressed through constructor parameter 1: No qualifying bean of type 'xyz.yaungyue.secondhand.service.MenuService' available: expected at least 1 bean which qualifies as autowire candidate. Dependency annotations: {}
2026-02-25 15:00:17.846 [restartedMain] INFO  o.a.catalina.core.StandardService - Stopping service [Tomcat]
2026-02-25 15:00:17.851 [restartedMain] INFO  o.s.b.a.l.ConditionEvaluationReportLogger - 

Error starting ApplicationContext. To display the condition evaluation report re-run your application with 'debug' enabled.
2026-02-25 15:00:17.884 [restartedMain] ERROR o.s.b.d.LoggingFailureAnalysisReporter - 

***************************
APPLICATION FAILED TO START
***************************

Description:

Parameter 1 of constructor in xyz.yaungyue.secondhand.config.SaTokenConfig required a bean of type 'xyz.yaungyue.secondhand.service.MenuService' that could not be found.


Action:

Consider defining a bean of type 'xyz.yaungyue.secondhand.service.MenuService' in your configuration.

2026-02-25 15:01:15.276 [restartedMain] INFO  x.y.s.SecondhandPlatformServerApplication - Starting SecondhandPlatformServerApplication using Java 17.0.6 with PID 86852 (D:\yangyue\study\java\04.项目代码\毕设\secondhand-platform-server\target\classes started by yaung in D:\yangyue\study\java\04.项目代码\毕设\secondhand-platform-server)
2026-02-25 15:01:15.276 [restartedMain] DEBUG x.y.s.SecondhandPlatformServerApplication - Running with Spring Boot v3.5.10, Spring v6.2.15
2026-02-25 15:01:15.276 [restartedMain] INFO  x.y.s.SecondhandPlatformServerApplication - No active profile set, falling back to 1 default profile: "default"
2026-02-25 15:01:15.489 [restartedMain] INFO  o.s.d.r.c.RepositoryConfigurationDelegate - Multiple Spring Data modules found, entering strict repository configuration mode
2026-02-25 15:01:15.489 [restartedMain] INFO  o.s.d.r.c.RepositoryConfigurationDelegate - Bootstrapping Spring Data Redis repositories in DEFAULT mode.
2026-02-25 15:01:15.492 [restartedMain] INFO  o.s.d.r.c.RepositoryConfigurationDelegate - Finished Spring Data repository scanning in 2 ms. Found 0 Redis repository interfaces.
2026-02-25 15:01:15.537 [restartedMain] WARN  o.m.s.mapper.ClassPathMapperScanner - No MyBatis mapper was found in '[xyz.yaungyue.secondhand.mapper]' package. Please check your configuration.
2026-02-25 15:01:15.589 [restartedMain] INFO  o.s.b.w.e.tomcat.TomcatWebServer - Tomcat initialized with port 8080 (http)
2026-02-25 15:01:15.590 [restartedMain] INFO  o.a.catalina.core.StandardService - Starting service [Tomcat]
2026-02-25 15:01:15.592 [restartedMain] INFO  o.a.catalina.core.StandardEngine - Starting Servlet engine: [Apache Tomcat/10.1.50]
2026-02-25 15:01:15.643 [restartedMain] INFO  o.a.c.c.C.[Tomcat-1].[localhost].[/] - Initializing Spring embedded WebApplicationContext
2026-02-25 15:01:15.644 [restartedMain] INFO  o.s.b.w.s.c.ServletWebServerApplicationContext - Root WebApplicationContext: initialization completed in 366 ms
2026-02-25 15:01:15.697 [restartedMain] INFO  o.s.b.a.w.s.WelcomePageHandlerMapping - Adding welcome page: class path resource [static/index.html]
2026-02-25 15:01:15.706 [restartedMain] DEBUG o.s.w.s.m.m.a.RequestMappingHandlerMapping - 2 mappings in 'requestMappingHandlerMapping'
2026-02-25 15:01:15.726 [restartedMain] DEBUG o.s.w.s.h.SimpleUrlHandlerMapping - Patterns [/webjars/**, /**] in 'resourceHandlerMapping'
2026-02-25 15:01:15.734 [restartedMain] DEBUG o.s.w.s.m.m.a.RequestMappingHandlerAdapter - ControllerAdvice beans: 0 @ModelAttribute, 0 @InitBinder, 1 RequestBodyAdvice, 1 ResponseBodyAdvice
2026-02-25 15:01:15.743 [restartedMain] DEBUG o.s.w.s.m.m.a.ExceptionHandlerExceptionResolver - ControllerAdvice beans: 0 @ExceptionHandler, 1 ResponseBodyAdvice
2026-02-25 15:01:15.747 [restartedMain] DEBUG i.l.c.r.DefaultEventLoopGroupProvider - Creating executor io.netty.util.concurrent.DefaultEventExecutorGroup
2026-02-25 15:01:15.774 [restartedMain] DEBUG c.b.m.e.s.MybatisSqlSessionFactoryBean - Property 'mapperLocations' was not specified.
2026-02-25 15:01:16.084 [restartedMain] DEBUG c.b.m.core.toolkit.Sequence - Get /172.26.32.1 network interface 
2026-02-25 15:01:16.107 [restartedMain] DEBUG c.b.m.core.toolkit.Sequence - Get network interface info: name:eth30 (Hyper-V Virtual Ethernet Adapter)
2026-02-25 15:01:16.117 [restartedMain] DEBUG c.b.m.core.toolkit.Sequence - Initialization Sequence datacenterId:27 workerId:18
2026-02-25 15:01:16.121 [restartedMain] INFO  c.b.m.e.s.MybatisPlusApplicationContextAware - Register ApplicationContext instances org.springframework.boot.web.servlet.context.AnnotationConfigServletWebServerApplicationContext@58ebbdee
2026-02-25 15:01:16.202 [restartedMain] WARN  o.s.b.a.s.s.UserDetailsServiceAutoConfiguration - 

Using generated security password: 9d475ad9-c915-4b6d-9c43-62ba7641b804

This generated password is for development use only. Your security configuration must be updated before running your application in production.

2026-02-25 15:01:16.203 [restartedMain] INFO  o.s.s.c.a.a.c.InitializeUserDetailsBeanManagerConfigurer$InitializeUserDetailsManagerConfigurer - Global AuthenticationManager configured with UserDetailsService bean with name inMemoryUserDetailsManager
2026-02-25 15:01:16.233 [restartedMain] INFO  o.s.b.d.a.OptionalLiveReloadServer - LiveReload server is running on port 35729
2026-02-25 15:01:16.255 [restartedMain] INFO  o.s.b.w.e.tomcat.TomcatWebServer - Tomcat started on port 8080 (http) with context path '/'
2026-02-25 15:01:16.261 [restartedMain] INFO  x.y.s.SecondhandPlatformServerApplication - Started SecondhandPlatformServerApplication in 1.01 seconds (process running for 615.903)
2026-02-25 15:01:16.263 [restartedMain] INFO  o.s.b.d.a.ConditionEvaluationDeltaLoggingListener - Condition evaluation unchanged
2026-02-25 15:05:40.844 [SpringApplicationShutdownHook] INFO  o.s.b.w.e.tomcat.GracefulShutdown - Commencing graceful shutdown. Waiting for active requests to complete
2026-02-25 15:05:41.078 [tomcat-shutdown] INFO  o.s.b.w.e.tomcat.GracefulShutdown - Graceful shutdown complete
2026-02-25 15:05:41.078 [SpringApplicationShutdownHook] DEBUG io.lettuce.core.AbstractRedisClient - Initiate shutdown (0, 100, MILLISECONDS)
2026-02-25 15:05:41.079 [SpringApplicationShutdownHook] DEBUG i.l.c.r.DefaultClientResources - Initiate shutdown (0, 2, SECONDS)
2026-02-25 15:05:41.079 [SpringApplicationShutdownHook] DEBUG i.l.c.r.DefaultEventLoopGroupProvider - Initiate shutdown (0, 2, SECONDS)
